[18:22:38][Trace]   Initializing configuration
[18:22:38][Trace]   Parsing cauldron config file.
[18:22:38][Trace]   Parsing config file for SkyDomeRenderModule
[18:22:38][Trace]   Parsing config file for RasterShadowRenderModule
[18:22:38][Trace]   Parsing config file for GBufferRenderModule
[18:22:38][Trace]   Could not find config file for LightingRenderModule, skipping...
[18:22:38][Trace]   Could not find config file for AnimatedTexturesRenderModule, skipping...
[18:22:38][Trace]   Parsing config file for TranslucencyRenderModule
[18:22:38][Trace]   Could not find config file for GPUParticleRenderModule, skipping...
[18:22:38][Trace]   Parsing config file for TAARenderModule
[18:22:38][Trace]   Could not find config file for FSR2RenderModule, skipping...
[18:22:38][Trace]   Could not find config file for FSR3UpscaleRenderModule, skipping...
[18:22:38][Trace]   Could not find config file for FSR3RenderModule, skipping...
[18:22:38][Trace]   Could not find config file for UpscaleRenderModule, skipping...
[18:22:38][Trace]   Could not find config file for ToneMappingRenderModule, skipping...
[18:22:38][Trace]   Could not find config file for FSR1RenderModule, skipping...
[18:22:38][Trace]   Parsing command line parameters.
[18:22:38][Trace]   Initializing framework components.
[18:22:38][Trace]   Initializing graphics device.
[18:22:38][Trace]   Initializing graphics resource view allocator.
[18:22:38][Trace]   Initializing raster view allocator.
[18:22:38][Trace]   Initializing graphics dynamic resource pool.
[18:22:38][Trace]   Initializing graphics shadow map resource pool.
[18:22:38][Trace]   Initializing graphics swap chain.
[18:22:38][Warning] HDR modes not supported, defaulting to LDR
[18:22:38][Trace]   Initializing requested render resources.
[18:22:38][Trace]   Initializing profiler.
[18:22:38][Trace]   Initializing graphics upload heap.
[18:22:39][Trace]   Initializing graphics constant buffer pool.
[18:22:39][Trace]   Initializing shader compiler.
[18:22:39][Trace]   Initializing input manager.
[18:22:39][Trace]   Initializing UI manager.
[18:22:39][Trace]   Initializing scene
[18:22:39][Trace]   Initializing content manager.
[18:22:39][Trace]   Creating RenderModules
[18:22:39][Trace]   Initializing RenderModules
[18:22:39][Fatal]   The parameter is incorrect.
